<?xml version="1.0" encoding="UTF-8"?>
<testsuite name="org.hyperskill.calculator.Stage4UnitTest" tests="3" skipped="0" failures="0" errors="0" timestamp="2021-07-20T02:42:06" hostname="DESKTOP-UUMKBUT" time="5.42">
  <properties/>
  <testcase name="testShouldCheckCalculatorSetsHint" classname="org.hyperskill.calculator.Stage4UnitTest" time="4.993"/>
  <testcase name="testShouldCheckCalculatorReturnsTheIntAnswer" classname="org.hyperskill.calculator.Stage4UnitTest" time="0.235"/>
  <testcase name="testShouldCheckCalculatorReturnsTheDoubleAnswer" classname="org.hyperskill.calculator.Stage4UnitTest" time="0.192"/>
  <system-out><![CDATA[[Robolectric] org.hyperskill.calculator.Stage4UnitTest.testShouldCheckCalculatorSetsHint: sdk=28; resources=BINARY
Called loadFromPath(/system/framework/framework-res.apk, true); mode=binary sdk=28
[Robolectric] org.hyperskill.calculator.Stage4UnitTest.testShouldCheckCalculatorReturnsTheIntAnswer: sdk=28; resources=BINARY
[Robolectric] org.hyperskill.calculator.Stage4UnitTest.testShouldCheckCalculatorReturnsTheDoubleAnswer: sdk=28; resources=BINARY
]]></system-out>
  <system-err><![CDATA[]]></system-err>
</testsuite>
